2017-12-01
17:20 starting project
17:31 project builds and displays its name
18:02 basic TCP server working
18:26 separated session handling into handle.c
18:35 added jsmn from https://github.com/zserge/jsmn
=====
 1:15


2017-12-02
06:45 making jsmn
06:47 jsmn compiles
07:02 created test script
08:15
-----
 1:30

09:20 line splitting
09:20 protocol design
10:05
-----
 0:45

11:05 JSON ping implementation
11:50
-----
 0:45

12:05 JSON ping implementation continued
12:55
-----
 0:50

13:10 JSON ping implementation continued
13:58 investigate "niv" project
14:49 creating GET stock handler
      - needed to make changes to makefile to work on RH4.7
      - merged IMC makefile.elf into makefile
      - ffbackend runs when tcp session ends
17:05

2017-12-03
07:45 looking for ffisam() call examples
07:50

2017-12-06
09:55 digesting ffisam call examples
11:45

19:40 implementing a read function in ffbackend
21:20 


2017-12-07
10:15 making get_stock return all fields
11:21 write put_stock to create new stock items 
11:50 


2017-12-08
21:30 put_stock
22:10


2017-12-11
18:55 write put_stock to create new stock items
21:12 documenting

